#
# A fatal error has been detected by the Java Runtime Environment:
#
#  EXCEPTION_ACCESS_VIOLATION (0xc0000005) at pc=0x00007ffd7d1a7421, pid=14176, tid=13784
#
# JRE version: OpenJDK Runtime Environment Temurin-17.0.6+10 (17.0.6+10) (build 17.0.6+10)
# Java VM: OpenJDK 64-Bit Server VM Temurin-17.0.6+10 (17.0.6+10, mixed mode, emulated-client, tiered, compressed oops, compressed class ptrs, g1 gc, windows-amd64)
# Problematic frame:
# V  [jvm.dll+0x307421]
#
# No core dump will be written. Minidumps are not enabled by default on client versions of Windows
#
# If you would like to submit a bug report, please visit:
#   https://github.com/adoptium/adoptium-support/issues
#

---------------  S U M M A R Y ------------

Command Line: -Dcom.sun.management.jmxremote -Dcom.sun.management.jmxremote.port=55630 -Dcom.sun.management.jmxremote.authenticate=false -Dcom.sun.management.jmxremote.ssl=false -Djava.rmi.server.hostname=localhost -Dspring.jmx.enabled=true -Dmanagement.endpoints.jmx.exposure.include=* -Dspring.application.admin.enabled=true -XX:TieredStopAtLevel=1 -Dspring.boot.project.name=SiwCatalogoProdotti -Dfile.encoding=UTF-8 -XX:+ShowCodeDetailsInExceptionMessages it.uniroma3.siw.SiwCatalogoProdotti --spring.output.ansi.enabled=always

Host: AMD Ryzen 5 5500U with Radeon Graphics         , 12 cores, 7G,  Windows 11 , 64 bit Build 22621 (10.0.22621.2070)
Time: Tue Sep 12 12:42:04 2023 ora legale Europa occidentale elapsed time: 19.543120 seconds (0d 0h 0m 19s)

---------------  T H R E A D  ---------------

Current thread (0x000001e4d95c1900):  GCTaskThread "GC Thread#5" [stack: 0x00000036ac100000,0x00000036ac200000] [id=13784]

Stack: [0x00000036ac100000,0x00000036ac200000],  sp=0x00000036ac1ff5f0,  free space=1021k
Native frames: (J=compiled Java code, j=interpreted, Vv=VM code, C=native code)
V  [jvm.dll+0x307421]
V  [jvm.dll+0x3041fe]
V  [jvm.dll+0x312833]
V  [jvm.dll+0x3147de]
V  [jvm.dll+0x312e7d]
V  [jvm.dll+0x31439a]
V  [jvm.dll+0x2ded83]
V  [jvm.dll+0x2e07ab]
V  [jvm.dll+0x8612eb]
V  [jvm.dll+0x861336]
V  [jvm.dll+0x7e483a]
V  [jvm.dll+0x6762c5]
C  [ucrtbase.dll+0x29363]
C  [KERNEL32.DLL+0x126ad]
C  [ntdll.dll+0x5aa68]


siginfo: EXCEPTION_ACCESS_VIOLATION (0xc0000005), reading address 0x0000000004000000


Register to memory mapping:

RIP=0x00007ffd7d1a7421 jvm.dll
RAX=0x000001e4c7664aa8 points into unknown readable memory: 0x0000000000000000 | 00 00 00 00 00 00 00 00
RBX=0x000000008c010219 is pointing into object: [Ljava.util.concurrent.ConcurrentHashMap$Node; 
{0x000000008c006608} - klass: 'java/util/concurrent/ConcurrentHashMap$Node'[]
 - length: 16384
RCX=0x0 is NULL
RDX=0x0000000000000040 is an unknown value
RSP=0x00000036ac1ff5f0 points into unknown readable memory: 0x0000000000000000 | 00 00 00 00 00 00 00 00
RBP=0x0000000000000260 is an unknown value
RSI=0x000000008c010218 is pointing into object: [Ljava.util.concurrent.ConcurrentHashMap$Node; 
{0x000000008c006608} - klass: 'java/util/concurrent/ConcurrentHashMap$Node'[]
 - length: 16384
RDI=0x000001e4da57d5b0 points into unknown readable memory: 0x00007ffd7d7f8288 | 88 82 7f 7d fd 7f 00 00
R8 =0x000000008c127530 is an oop: java.lang.Object 
{0x000000008c127530} - klass: 'java/lang/Object'
 - ---- fields (total size 2 words):
R9 =0x00007ffd7d99efa8 jvm.dll
R10=0x0000000004000000 is an unknown value
R11=0x000000008c127450 is an oop: [B 
{0x000000008c127450} - klass: {type array byte}
 - length: 65
R12=0x00000036ac1ff8a0 points into unknown readable memory: 0x00007ffd7d7f9340 | 40 93 7f 7d fd 7f 00 00
R13=0x000001e4c7629910 points into unknown readable memory: 0x0000000000000754 | 54 07 00 00 00 00 00 00
R14=0x0000000000000040 is an unknown value
R15=0x0 is NULL


Registers:
RAX=0x000001e4c7664aa8, RBX=0x000000008c010219, RCX=0x0000000000000000, RDX=0x0000000000000040
RSP=0x00000036ac1ff5f0, RBP=0x0000000000000260, RSI=0x000000008c010218, RDI=0x000001e4da57d5b0
R8 =0x000000008c127530, R9 =0x00007ffd7d99efa8, R10=0x0000000004000000, R11=0x000000008c127450
R12=0x00000036ac1ff8a0, R13=0x000001e4c7629910, R14=0x0000000000000040, R15=0x0000000000000000
RIP=0x00007ffd7d1a7421, EFLAGS=0x0000000000010246

Top of Stack: (sp=0x00000036ac1ff5f0)
0x00000036ac1ff5f0:   0000000000000000 0000000000460100
0x00000036ac1ff600:   0000000000000001 0000000000000011
0x00000036ac1ff610:   00000036ac1ff690 000001e4c76ab0c0
0x00000036ac1ff620:   0000000000000800 00007ffd7d1b1975
0x00000036ac1ff630:   000000008c016618 000001e4d034a080
0x00000036ac1ff640:   0000000000000020 0000000000000800
0x00000036ac1ff650:   00000036ac1ff8a0 000000008c010000
0x00000036ac1ff660:   000001e4da57d5b0 00007ffd7d1a41fe
0x00000036ac1ff670:   0000000000000000 00000036ac1ff8a0
0x00000036ac1ff680:   000001e4d0340000 0000000000000020
0x00000036ac1ff690:   000000000ba45fa9 0000000000000000
0x00000036ac1ff6a0:   00000036ac1ff8a0 000000008c010000
0x00000036ac1ff6b0:   000000008c014000 00007ffd7d1b2833
0x00000036ac1ff6c0:   000000008c010000 00000036ac1ff6e0
0x00000036ac1ff6d0:   00000036ac1ff6f0 000001e4c7667950
0x00000036ac1ff6e0:   000000008c010000 0000000000000800 

Instructions: (pc=0x00007ffd7d1a7421)
0x00007ffd7d1a7321:   1b fd ff ff 66 66 66 0f 1f 84 00 00 00 00 00 48
0x00007ffd7d1a7331:   8b 77 10 8b ae 80 00 00 00 8b cd 8b 86 00 01 00
0x00007ffd7d1a7341:   00 2b c8 81 e1 ff ff 01 00 41 3b ce 0f 86 06 03
0x00007ffd7d1a7351:   00 00 ff cd 81 e5 ff ff 01 00 89 ae 80 00 00 00
0x00007ffd7d1a7361:   e8 fa 0f 36 00 8b 86 00 01 00 00 8b cd 48 8b 9e
0x00007ffd7d1a7371:   80 01 00 00 2b c8 81 e1 ff ff 01 00 8b d5 81 f9
0x00007ffd7d1a7381:   ff ff 01 00 48 8b 1c eb 41 0f 44 cf 85 c9 75 41
0x00007ffd7d1a7391:   48 8b 86 00 01 00 00 48 8b c8 48 89 44 24 28 48
0x00007ffd7d1a73a1:   c1 e9 20 ff c1 89 6c 24 20 89 4c 24 24 3b e8 0f
0x00007ffd7d1a73b1:   85 91 02 00 00 48 c1 e1 20 48 0b ca f0 48 0f b1
0x00007ffd7d1a73c1:   8e 00 01 00 00 0f 85 7b 02 00 00 8b 86 00 01 00
0x00007ffd7d1a73d1:   00 f6 c3 01 0f 84 3c 01 00 00 8b 0d f7 6e 7f 00
0x00007ffd7d1a73e1:   48 8d 73 ff 48 8b 47 08 44 8b 16 49 d3 e2 4c 03
0x00007ffd7d1a73f1:   15 da 6e 7f 00 8b 88 90 05 00 00 49 8b d2 48 8b
0x00007ffd7d1a7401:   80 80 05 00 00 48 d3 ea 0f b7 0c 50 66 89 8c 24
0x00007ffd7d1a7411:   90 00 00 00 66 c1 e9 08 84 c9 0f 88 0f ff ff ff
0x00007ffd7d1a7421:   4d 8b 02 41 0f b6 c0 24 03 3c 03 75 1e 44 38 3d
0x00007ffd7d1a7431:   0b 31 86 00 74 0f 41 0f b6 c0 24 07 3c 05 75 05
0x00007ffd7d1a7441:   4d 8b c7 eb 1f 49 83 e0 fc eb 19 0f b7 94 24 90
0x00007ffd7d1a7451:   00 00 00 4d 8b c8 4d 8b c2 48 8b cf e8 1e ef ff
0x00007ffd7d1a7461:   ff 4c 8b c0 8b 0d 6d 6e 7f 00 49 8b d0 48 2b 15
0x00007ffd7d1a7471:   5b 6e 7f 00 48 d3 ea 89 16 49 8b d0 8b 0d 3d 39
0x00007ffd7d1a7481:   86 00 48 33 d6 48 d3 ea 48 85 d2 0f 84 9e fe ff
0x00007ffd7d1a7491:   ff 48 8b 47 08 48 8b d6 8b 88 c0 01 00 00 48 8b
0x00007ffd7d1a74a1:   80 b0 01 00 00 48 d3 ea 48 8b 0c d0 8b 81 94 00
0x00007ffd7d1a74b1:   00 00 d1 e8 a8 01 0f 85 73 fe ff ff 48 8b 47 08
0x00007ffd7d1a74c1:   8b 88 90 05 00 00 48 8b 80 80 05 00 00 49 d3 e8
0x00007ffd7d1a74d1:   46 38 3c 40 0f 84 55 fe ff ff 48 8b 47 60 48 c1
0x00007ffd7d1a74e1:   ee 09 48 8b 58 40 48 8b 48 38 48 03 de 48 2b d9
0x00007ffd7d1a74f1:   48 39 9f b0 01 00 00 0f 84 32 fe ff ff 48 8d 14
0x00007ffd7d1a7501:   0b 48 8d 4f 18 e8 c5 40 00 00 48 89 9f b0 01 00
0x00007ffd7d1a7511:   00 e9 19 fe ff ff f6 c3 03 0f 85 16 01 00 00 48 


Stack slot to memory mapping:
stack at sp + 0 slots: 0x0 is NULL
stack at sp + 1 slots: 0x0000000000460100 is an unknown value
stack at sp + 2 slots: 0x0000000000000001 is an unknown value
stack at sp + 3 slots: 0x0000000000000011 is an unknown value
stack at sp + 4 slots: 0x00000036ac1ff690 points into unknown readable memory: 0x000000000ba45fa9 | a9 5f a4 0b 00 00 00 00
stack at sp + 5 slots: 0x000001e4c76ab0c0 points into unknown readable memory: 0x000000008c000000 | 00 00 00 8c 00 00 00 00
stack at sp + 6 slots: 0x0000000000000800 is an unknown value
stack at sp + 7 slots: 0x00007ffd7d1b1975 jvm.dll


---------------  P R O C E S S  ---------------

Threads class SMR info:
_java_thread_list=0x000001e4dc4d7fa0, length=37, elements={
0x000001e4d7c14270, 0x000001e4d7c14c20, 0x000001e4d725dbe0, 0x000001e4d725e590,
0x000001e4d7c33fb0, 0x000001e4d7c34960, 0x000001e4d7c379e0, 0x000001e4d7c3bee0,
0x000001e4d71d1460, 0x000001e4d7e25080, 0x000001e4d83c4e80, 0x000001e4d83c5cc0,
0x000001e4d83c9e20, 0x000001e4d85d0340, 0x000001e4d86af300, 0x000001e4d85d0be0,
0x000001e4d86dd480, 0x000001e4da210860, 0x000001e4da20eb80, 0x000001e4da20f050,
0x000001e4da211ba0, 0x000001e4da20e6b0, 0x000001e4da20f520, 0x000001e4da210390,
0x000001e4da211200, 0x000001e4da210d30, 0x000001e4da20f9f0, 0x000001e4da20fec0,
0x000001e4da2116d0, 0x000001e4dc80f550, 0x000001e4dc812570, 0x000001e4dc813d80,
0x000001e4dc80fef0, 0x000001e4dc810d60, 0x000001e4dc814720, 0x000001e4dc811230,
0x000001e4dc811bd0
}

Java Threads: ( => current thread )
  0x000001e4d7c14270 JavaThread "Reference Handler" daemon [_thread_blocked, id=19732, stack(0x00000036aa700000,0x00000036aa800000)]
  0x000001e4d7c14c20 JavaThread "Finalizer" daemon [_thread_blocked, id=18796, stack(0x00000036aa800000,0x00000036aa900000)]
  0x000001e4d725dbe0 JavaThread "Signal Dispatcher" daemon [_thread_blocked, id=7408, stack(0x00000036aa900000,0x00000036aaa00000)]
  0x000001e4d725e590 JavaThread "Attach Listener" daemon [_thread_blocked, id=19820, stack(0x00000036aaa00000,0x00000036aab00000)]
  0x000001e4d7c33fb0 JavaThread "Service Thread" daemon [_thread_blocked, id=14932, stack(0x00000036aab00000,0x00000036aac00000)]
  0x000001e4d7c34960 JavaThread "Monitor Deflation Thread" daemon [_thread_blocked, id=6604, stack(0x00000036aac00000,0x00000036aad00000)]
  0x000001e4d7c379e0 JavaThread "C1 CompilerThread0" daemon [_thread_blocked, id=14440, stack(0x00000036aad00000,0x00000036aae00000)]
  0x000001e4d7c3bee0 JavaThread "Sweeper thread" daemon [_thread_blocked, id=14212, stack(0x00000036aae00000,0x00000036aaf00000)]
  0x000001e4d71d1460 JavaThread "Common-Cleaner" daemon [_thread_blocked, id=14984, stack(0x00000036aaf00000,0x00000036ab000000)]
  0x000001e4d7e25080 JavaThread "Notification Thread" daemon [_thread_blocked, id=2096, stack(0x00000036ab200000,0x00000036ab300000)]
  0x000001e4d83c4e80 JavaThread "RMI TCP Accept-0" daemon [_thread_in_native, id=9156, stack(0x00000036ab300000,0x00000036ab400000)]
  0x000001e4d83c5cc0 JavaThread "RMI TCP Accept-55630" daemon [_thread_in_native, id=3424, stack(0x00000036ab400000,0x00000036ab500000)]
  0x000001e4d83c9e20 JavaThread "RMI TCP Accept-0" daemon [_thread_in_native, id=520, stack(0x00000036ab500000,0x00000036ab600000)]
  0x000001e4d85d0340 JavaThread "RMI TCP Connection(1)-127.0.0.1" daemon [_thread_in_native, id=1572, stack(0x00000036ab800000,0x00000036ab900000)]
  0x000001e4d86af300 JavaThread "RMI Scheduler(0)" daemon [_thread_blocked, id=20048, stack(0x00000036ab900000,0x00000036aba00000)]
  0x000001e4d85d0be0 JavaThread "RMI TCP Connection(2)-127.0.0.1" daemon [_thread_in_native, id=17460, stack(0x00000036aba00000,0x00000036abb00000)]
  0x000001e4d86dd480 JavaThread "JMX server connection timeout 22" daemon [_thread_blocked, id=13280, stack(0x00000036abb00000,0x00000036abc00000)]
  0x000001e4da210860 JavaThread "Catalina-utility-1" [_thread_blocked, id=5888, stack(0x00000036abc00000,0x00000036abd00000)]
  0x000001e4da20eb80 JavaThread "Catalina-utility-2" [_thread_blocked, id=20272, stack(0x00000036acb00000,0x00000036acc00000)]
  0x000001e4da20f050 JavaThread "container-0" [_thread_blocked, id=19020, stack(0x00000036acc00000,0x00000036acd00000)]
  0x000001e4da211ba0 JavaThread "PostgreSQL-JDBC-SharedTimer-1" daemon [_thread_blocked, id=13708, stack(0x00000036ace00000,0x00000036acf00000)]
  0x000001e4da20e6b0 JavaThread "HikariPool-1 housekeeper" daemon [_thread_blocked, id=9792, stack(0x00000036acf00000,0x00000036ad000000)]
  0x000001e4da20f520 JavaThread "NioBlockingSelector.BlockPoller-1" daemon [_thread_in_native, id=4876, stack(0x00000036ad100000,0x00000036ad200000)]
  0x000001e4da210390 JavaThread "http-nio-8080-exec-1" daemon [_thread_blocked, id=8716, stack(0x00000036ad200000,0x00000036ad300000)]
  0x000001e4da211200 JavaThread "http-nio-8080-exec-2" daemon [_thread_blocked, id=7844, stack(0x00000036ad300000,0x00000036ad400000)]
  0x000001e4da210d30 JavaThread "http-nio-8080-exec-3" daemon [_thread_blocked, id=15088, stack(0x00000036ad400000,0x00000036ad500000)]
  0x000001e4da20f9f0 JavaThread "http-nio-8080-exec-4" daemon [_thread_blocked, id=17072, stack(0x00000036ad500000,0x00000036ad600000)]
  0x000001e4da20fec0 JavaThread "http-nio-8080-exec-5" daemon [_thread_blocked, id=14280, stack(0x00000036ad600000,0x00000036ad700000)]
  0x000001e4da2116d0 JavaThread "http-nio-8080-exec-6" daemon [_thread_blocked, id=9508, stack(0x00000036ad700000,0x00000036ad800000)]
  0x000001e4dc80f550 JavaThread "http-nio-8080-exec-7" daemon [_thread_blocked, id=6280, stack(0x00000036ad800000,0x00000036ad900000)]
  0x000001e4dc812570 JavaThread "http-nio-8080-exec-8" daemon [_thread_blocked, id=13832, stack(0x00000036ad900000,0x00000036ada00000)]
  0x000001e4dc813d80 JavaThread "http-nio-8080-exec-9" daemon [_thread_blocked, id=16256, stack(0x00000036ada00000,0x00000036adb00000)]
  0x000001e4dc80fef0 JavaThread "http-nio-8080-exec-10" daemon [_thread_blocked, id=18136, stack(0x00000036adb00000,0x00000036adc00000)]
  0x000001e4dc810d60 JavaThread "http-nio-8080-ClientPoller-0" daemon [_thread_in_native, id=4708, stack(0x00000036adc00000,0x00000036add00000)]
  0x000001e4dc814720 JavaThread "http-nio-8080-ClientPoller-1" daemon [_thread_in_native, id=9996, stack(0x00000036add00000,0x00000036ade00000)]
  0x000001e4dc811230 JavaThread "http-nio-8080-Acceptor-0" daemon [_thread_in_native, id=6796, stack(0x00000036ade00000,0x00000036adf00000)]
  0x000001e4dc811bd0 JavaThread "DestroyJavaVM" [_thread_blocked, id=9296, stack(0x00000036aa000000,0x00000036aa100000)]

Other Threads:
  0x000001e4d7241ef0 VMThread "VM Thread" [stack: 0x00000036aa600000,0x00000036aa700000] [id=19256]
  0x000001e4c767e2e0 WatcherThread [stack: 0x00000036ab600000,0x00000036ab700000] [id=17540]
  0x000001e4c7667300 GCTaskThread "GC Thread#0" [stack: 0x00000036aa100000,0x00000036aa200000] [id=9848]
  0x000001e4d87de5f0 GCTaskThread "GC Thread#1" [stack: 0x00000036abd00000,0x00000036abe00000] [id=13596]
  0x000001e4d87decb0 GCTaskThread "GC Thread#2" [stack: 0x00000036abe00000,0x00000036abf00000] [id=17584]
  0x000001e4d87def60 GCTaskThread "GC Thread#3" [stack: 0x00000036abf00000,0x00000036ac000000] [id=20000]
  0x000001e4d87f8cb0 GCTaskThread "GC Thread#4" [stack: 0x00000036ac000000,0x00000036ac100000] [id=7264]
=>0x000001e4d95c1900 GCTaskThread "GC Thread#5" [stack: 0x00000036ac100000,0x00000036ac200000] [id=13784]
  0x000001e4d95c1bb0 GCTaskThread "GC Thread#6" [stack: 0x00000036ac200000,0x00000036ac300000] [id=12080]
  0x000001e4d95c2470 GCTaskThread "GC Thread#7" [stack: 0x00000036ac300000,0x00000036ac400000] [id=344]
  0x000001e4d87f9360 GCTaskThread "GC Thread#8" [stack: 0x00000036ac400000,0x00000036ac500000] [id=5984]
  0x000001e4d97f2b70 GCTaskThread "GC Thread#9" [stack: 0x00000036ac800000,0x00000036ac900000] [id=2352]
  0x000001e4c7676cc0 ConcurrentGCThread "G1 Main Marker" [stack: 0x00000036aa200000,0x00000036aa300000] [id=17284]
  0x000001e4c7677fd0 ConcurrentGCThread "G1 Conc#0" [stack: 0x00000036aa300000,0x00000036aa400000] [id=19396]
  0x000001e4d96fca60 ConcurrentGCThread "G1 Conc#1" [stack: 0x00000036ac900000,0x00000036aca00000] [id=16752]
  0x000001e4d97046b0 ConcurrentGCThread "G1 Conc#2" [stack: 0x00000036aca00000,0x00000036acb00000] [id=6812]
  0x000001e4c76be410 ConcurrentGCThread "G1 Refine#0" [stack: 0x00000036aa400000,0x00000036aa500000] [id=20340]
  0x000001e4d7ecd590 ConcurrentGCThread "G1 Refine#1" [stack: 0x00000036ac500000,0x00000036ac600000] [id=12548]
  0x000001e4d7ecde90 ConcurrentGCThread "G1 Refine#2" [stack: 0x00000036ac600000,0x00000036ac700000] [id=3644]
  0x000001e4d855c920 ConcurrentGCThread "G1 Refine#3" [stack: 0x00000036ac700000,0x00000036ac800000] [id=19228]
  0x000001e4d7099100 ConcurrentGCThread "G1 Service" [stack: 0x00000036aa500000,0x00000036aa600000] [id=2484]

Threads with active compile tasks:

VM state: at safepoint (normal execution)

VM Mutex/Monitor currently owned by a thread:  ([mutex/lock_event])
[0x000001e4c760a0a0] Threads_lock - owner thread: 0x000001e4d7241ef0
[0x000001e4c760a5b0] Heap_lock - owner thread: 0x000001e4da210390

Heap address: 0x000000008ac00000, size: 1876 MB, Compressed Oops mode: 32-bit

CDS archive(s) not mapped
Compressed class space mapped at: 0x0000000100000000-0x0000000140000000, reserved size: 1073741824
Narrow klass base: 0x0000000000000000, Narrow klass shift: 3, Narrow klass range: 0x140000000

GC Precious Log:
 CPUs: 12 total, 12 available
 Memory: 7502M
 Large Page Support: Disabled
 NUMA Support: Disabled
 Compressed Oops: Enabled (32-bit)
 Heap Region Size: 1M
 Heap Min Capacity: 8M
 Heap Initial Capacity: 118M
 Heap Max Capacity: 1876M
 Pre-touch: Disabled
 Parallel Workers: 10
 Concurrent Workers: 3
 Concurrent Refinement Workers: 10
 Periodic GC: Disabled

Heap:
 garbage-first heap   total 90112K, used 69949K [0x000000008ac00000, 0x0000000100000000)
  region size 1024K, 47 young (48128K), 5 survivors (5120K)
 Metaspace       used 63543K, committed 64000K, reserved 1105920K
  class space    used 8752K, committed 8960K, reserved 1048576K

Heap Regions: E=young(eden), S=young(survivor), O=old, HS=humongous(starts), HC=humongous(continues), CS=collection set, F=free, OA=open archive, CA=closed archive, TAMS=top-at-mark-start (previous, next)
|   0|0x000000008ac00000, 0x000000008ad00000, 0x000000008ad00000|100%|HS|  |TAMS 0x000000008ad00000, 0x000000008ac00000| Complete 
|   1|0x000000008ad00000, 0x000000008ae00000, 0x000000008ae00000|100%| O|  |TAMS 0x000000008ae00000, 0x000000008ad00000| Untracked 
|   2|0x000000008ae00000, 0x000000008af00000, 0x000000008af00000|100%| O|  |TAMS 0x000000008af00000, 0x000000008ae00000| Untracked 
|   3|0x000000008af00000, 0x000000008b000000, 0x000000008b000000|100%| O|  |TAMS 0x000000008b000000, 0x000000008af00000| Untracked 
|   4|0x000000008b000000, 0x000000008b100000, 0x000000008b100000|100%| O|  |TAMS 0x000000008b100000, 0x000000008b000000| Untracked 
|   5|0x000000008b100000, 0x000000008b200000, 0x000000008b200000|100%| O|  |TAMS 0x000000008b200000, 0x000000008b100000| Untracked 
|   6|0x000000008b200000, 0x000000008b300000, 0x000000008b300000|100%| O|  |TAMS 0x000000008b300000, 0x000000008b200000| Untracked 
|   7|0x000000008b300000, 0x000000008b400000, 0x000000008b400000|100%| O|  |TAMS 0x000000008b400000, 0x000000008b300000| Untracked 
|   8|0x000000008b400000, 0x000000008b500000, 0x000000008b500000|100%| O|  |TAMS 0x000000008b500000, 0x000000008b400000| Untracked 
|   9|0x000000008b500000, 0x000000008b600000, 0x000000008b600000|100%| O|  |TAMS 0x000000008b600000, 0x000000008b500000| Untracked 
|  10|0x000000008b600000, 0x000000008b700000, 0x000000008b700000|100%| O|  |TAMS 0x000000008b700000, 0x000000008b600000| Untracked 
|  11|0x000000008b700000, 0x000000008b800000, 0x000000008b800000|100%| O|  |TAMS 0x000000008b800000, 0x000000008b700000| Untracked 
|  12|0x000000008b800000, 0x000000008b900000, 0x000000008b900000|100%| O|  |TAMS 0x000000008b900000, 0x000000008b800000| Untracked 
|  13|0x000000008b900000, 0x000000008ba00000, 0x000000008ba00000|100%| O|  |TAMS 0x000000008ba00000, 0x000000008b900000| Untracked 
|  14|0x000000008ba00000, 0x000000008bb00000, 0x000000008bb00000|100%| O|  |TAMS 0x000000008bb00000, 0x000000008ba00000| Complete 
|  15|0x000000008bb00000, 0x000000008bc00000, 0x000000008bc00000|100%| O|  |TAMS 0x000000008bb00000, 0x000000008bb00000| Untracked 
|  16|0x000000008bc00000, 0x000000008bd00000, 0x000000008bd00000|100%| O|  |TAMS 0x000000008bd00000, 0x000000008bc00000| Untracked 
|  17|0x000000008bd00000, 0x000000008be00000, 0x000000008be00000|100%| O|  |TAMS 0x000000008be00000, 0x000000008bd00000| Untracked 
|  18|0x000000008be00000, 0x000000008bf00000, 0x000000008bf00000|100%| O|  |TAMS 0x000000008bf00000, 0x000000008be00000| Untracked 
|  19|0x000000008bf00000, 0x000000008c000000, 0x000000008c000000|100%| O|  |TAMS 0x000000008c000000, 0x000000008bf00000| Untracked 
|  20|0x000000008c000000, 0x000000008c100000, 0x000000008c100000|100%| O|  |TAMS 0x000000008c000000, 0x000000008c000000| Untracked 
|  21|0x000000008c100000, 0x000000008c200000, 0x000000008c200000|100%| O|  |TAMS 0x000000008c100000, 0x000000008c100000| Untracked 
|  22|0x000000008c200000, 0x000000008c2fd460, 0x000000008c300000| 98%| O|  |TAMS 0x000000008c200000, 0x000000008c200000| Untracked 
|  23|0x000000008c300000, 0x000000008c300000, 0x000000008c400000|  0%| F|  |TAMS 0x000000008c300000, 0x000000008c300000| Untracked 
|  24|0x000000008c400000, 0x000000008c500000, 0x000000008c500000|100%| O|  |TAMS 0x000000008c44c000, 0x000000008c400000| Untracked 
|  25|0x000000008c500000, 0x000000008c500000, 0x000000008c600000|  0%| F|  |TAMS 0x000000008c500000, 0x000000008c500000| Untracked 
|  26|0x000000008c600000, 0x000000008c600000, 0x000000008c700000|  0%| F|  |TAMS 0x000000008c600000, 0x000000008c600000| Untracked 
|  27|0x000000008c700000, 0x000000008c700000, 0x000000008c800000|  0%| F|  |TAMS 0x000000008c700000, 0x000000008c700000| Untracked 
|  28|0x000000008c800000, 0x000000008c800000, 0x000000008c900000|  0%| F|  |TAMS 0x000000008c800000, 0x000000008c800000| Untracked 
|  29|0x000000008c900000, 0x000000008c900000, 0x000000008ca00000|  0%| F|  |TAMS 0x000000008c900000, 0x000000008c900000| Untracked 
|  30|0x000000008ca00000, 0x000000008ca00000, 0x000000008cb00000|  0%| F|  |TAMS 0x000000008ca00000, 0x000000008ca00000| Untracked 
|  31|0x000000008cb00000, 0x000000008cb00000, 0x000000008cc00000|  0%| F|  |TAMS 0x000000008cb00000, 0x000000008cb00000| Untracked 
|  32|0x000000008cc00000, 0x000000008cc00000, 0x000000008cd00000|  0%| F|  |TAMS 0x000000008cc00000, 0x000000008cc00000| Untracked 
|  33|0x000000008cd00000, 0x000000008cd00000, 0x000000008ce00000|  0%| F|  |TAMS 0x000000008cd00000, 0x000000008cd00000| Untracked 
|  34|0x000000008ce00000, 0x000000008ce00000, 0x000000008cf00000|  0%| F|  |TAMS 0x000000008ce00000, 0x000000008ce00000| Untracked 
|  35|0x000000008cf00000, 0x000000008cf00000, 0x000000008d000000|  0%| F|  |TAMS 0x000000008cf00000, 0x000000008cf00000| Untracked 
|  36|0x000000008d000000, 0x000000008d0a0f80, 0x000000008d100000| 62%| S|  |TAMS 0x000000008d000000, 0x000000008d000000| Complete 
|  37|0x000000008d100000, 0x000000008d200000, 0x000000008d200000|100%| S|  |TAMS 0x000000008d100000, 0x000000008d100000| Complete 
|  38|0x000000008d200000, 0x000000008d300000, 0x000000008d300000|100%| S|  |TAMS 0x000000008d200000, 0x000000008d200000| Complete 
|  39|0x000000008d300000, 0x000000008d400000, 0x000000008d400000|100%| S|  |TAMS 0x000000008d300000, 0x000000008d300000| Complete 
|  40|0x000000008d400000, 0x000000008d500000, 0x000000008d500000|100%| S|  |TAMS 0x000000008d400000, 0x000000008d400000| Complete 
|  41|0x000000008d500000, 0x000000008d5fb960, 0x000000008d600000| 98%| E|CS|TAMS 0x000000008d500000, 0x000000008d500000| Complete 
|  42|0x000000008d600000, 0x000000008d700000, 0x000000008d700000|100%| E|CS|TAMS 0x000000008d600000, 0x000000008d600000| Complete 
|  43|0x000000008d700000, 0x000000008d800000, 0x000000008d800000|100%| E|CS|TAMS 0x000000008d700000, 0x000000008d700000| Complete 
|  44|0x000000008d800000, 0x000000008d900000, 0x000000008d900000|100%| E|CS|TAMS 0x000000008d800000, 0x000000008d800000| Complete 
|  45|0x000000008d900000, 0x000000008da00000, 0x000000008da00000|100%| E|CS|TAMS 0x000000008d900000, 0x000000008d900000| Complete 
|  46|0x000000008da00000, 0x000000008db00000, 0x000000008db00000|100%| E|CS|TAMS 0x000000008da00000, 0x000000008da00000| Complete 
|  47|0x000000008db00000, 0x000000008dc00000, 0x000000008dc00000|100%| E|CS|TAMS 0x000000008db00000, 0x000000008db00000| Complete 
|  48|0x000000008dc00000, 0x000000008dd00000, 0x000000008dd00000|100%| E|CS|TAMS 0x000000008dc00000, 0x000000008dc00000| Complete 
|  49|0x000000008dd00000, 0x000000008de00000, 0x000000008de00000|100%| E|CS|TAMS 0x000000008dd00000, 0x000000008dd00000| Complete 
|  50|0x000000008de00000, 0x000000008df00000, 0x000000008df00000|100%| E|CS|TAMS 0x000000008de00000, 0x000000008de00000| Complete 
|  51|0x000000008df00000, 0x000000008e000000, 0x000000008e000000|100%| E|CS|TAMS 0x000000008df00000, 0x000000008df00000| Complete 
|  52|0x000000008e000000, 0x000000008e100000, 0x000000008e100000|100%| E|CS|TAMS 0x000000008e000000, 0x000000008e000000| Complete 
|  53|0x000000008e100000, 0x000000008e200000, 0x000000008e200000|100%| E|CS|TAMS 0x000000008e100000, 0x000000008e100000| Complete 
|  54|0x000000008e200000, 0x000000008e300000, 0x000000008e300000|100%| E|CS|TAMS 0x000000008e200000, 0x000000008e200000| Complete 
|  55|0x000000008e300000, 0x000000008e400000, 0x000000008e400000|100%| E|CS|TAMS 0x000000008e300000, 0x000000008e300000| Complete 
|  56|0x000000008e400000, 0x000000008e500000, 0x000000008e500000|100%| E|CS|TAMS 0x000000008e400000, 0x000000008e400000| Complete 
|  57|0x000000008e500000, 0x000000008e600000, 0x000000008e600000|100%| E|CS|TAMS 0x000000008e500000, 0x000000008e500000| Complete 
|  58|0x000000008e600000, 0x000000008e700000, 0x000000008e700000|100%| E|CS|TAMS 0x000000008e600000, 0x000000008e600000| Complete 
|  59|0x000000008e700000, 0x000000008e800000, 0x000000008e800000|100%| E|CS|TAMS 0x000000008e700000, 0x000000008e700000| Complete 
|  60|0x000000008e800000, 0x000000008e8ae158, 0x000000008e900000| 68%| E|CS|TAMS 0x000000008e800000, 0x000000008e800000| Complete 
|  61|0x000000008e900000, 0x000000008ea00000, 0x000000008ea00000|100%| E|CS|TAMS 0x000000008e900000, 0x000000008e900000| Complete 
|  62|0x000000008ea00000, 0x000000008eb00000, 0x000000008eb00000|100%| E|CS|TAMS 0x000000008ea00000, 0x000000008ea00000| Complete 
|  63|0x000000008eb00000, 0x000000008ec00000, 0x000000008ec00000|100%| E|CS|TAMS 0x000000008eb00000, 0x000000008eb00000| Complete 
|  64|0x000000008ec00000, 0x000000008ed00000, 0x000000008ed00000|100%| E|CS|TAMS 0x000000008ec00000, 0x000000008ec00000| Complete 
|  65|0x000000008ed00000, 0x000000008ee00000, 0x000000008ee00000|100%| E|CS|TAMS 0x000000008ed00000, 0x000000008ed00000| Complete 
|  66|0x000000008ee00000, 0x000000008ef00000, 0x000000008ef00000|100%| E|CS|TAMS 0x000000008ee00000, 0x000000008ee00000| Complete 
|  67|0x000000008ef00000, 0x000000008f000000, 0x000000008f000000|100%| E|CS|TAMS 0x000000008ef00000, 0x000000008ef00000| Complete 
|  68|0x000000008f000000, 0x000000008f100000, 0x000000008f100000|100%| E|CS|TAMS 0x000000008f000000, 0x000000008f000000| Complete 
|  69|0x000000008f100000, 0x000000008f200000, 0x000000008f200000|100%| E|CS|TAMS 0x000000008f100000, 0x000000008f100000| Complete 
|  70|0x000000008f200000, 0x000000008f300000, 0x000000008f300000|100%| E|CS|TAMS 0x000000008f200000, 0x000000008f200000| Complete 
|  71|0x000000008f300000, 0x000000008f400000, 0x000000008f400000|100%| E|CS|TAMS 0x000000008f300000, 0x000000008f300000| Complete 
|  72|0x000000008f400000, 0x000000008f500000, 0x000000008f500000|100%| E|CS|TAMS 0x000000008f400000, 0x000000008f400000| Complete 
|  73|0x000000008f500000, 0x000000008f600000, 0x000000008f600000|100%| E|CS|TAMS 0x000000008f500000, 0x000000008f500000| Complete 
|  74|0x000000008f600000, 0x000000008f700000, 0x000000008f700000|100%| E|CS|TAMS 0x000000008f600000, 0x000000008f600000| Complete 
|  75|0x000000008f700000, 0x000000008f800000, 0x000000008f800000|100%| E|CS|TAMS 0x000000008f700000, 0x000000008f700000| Complete 
|  76|0x000000008f800000, 0x000000008f900000, 0x000000008f900000|100%| E|CS|TAMS 0x000000008f800000, 0x000000008f800000| Complete 
|  77|0x000000008f900000, 0x000000008fa00000, 0x000000008fa00000|100%| E|CS|TAMS 0x000000008f900000, 0x000000008f900000| Complete 
|  78|0x000000008fa00000, 0x000000008fb00000, 0x000000008fb00000|100%| E|CS|TAMS 0x000000008fa00000, 0x000000008fa00000| Complete 
|  79|0x000000008fb00000, 0x000000008fc00000, 0x000000008fc00000|100%| E|CS|TAMS 0x000000008fb00000, 0x000000008fb00000| Complete 
|  80|0x000000008fc00000, 0x000000008fd00000, 0x000000008fd00000|100%| E|CS|TAMS 0x000000008fc00000, 0x000000008fc00000| Complete 
|  81|0x000000008fd00000, 0x000000008fe00000, 0x000000008fe00000|100%| E|CS|TAMS 0x000000008fd00000, 0x000000008fd00000| Complete 
|  82|0x000000008fe00000, 0x000000008ff00000, 0x000000008ff00000|100%| E|CS|TAMS 0x000000008fe00000, 0x000000008fe00000| Complete 
|  83|0x000000008ff00000, 0x0000000090000000, 0x0000000090000000|100%| E|CS|TAMS 0x000000008ff00000, 0x000000008ff00000| Complete 
|  84|0x0000000090000000, 0x0000000090100000, 0x0000000090100000|100%| E|CS|TAMS 0x0000000090000000, 0x0000000090000000| Complete 
|  85|0x0000000090100000, 0x0000000090200000, 0x0000000090200000|100%| E|CS|TAMS 0x0000000090100000, 0x0000000090100000| Complete 
|  86|0x0000000090200000, 0x0000000090300000, 0x0000000090300000|100%| E|CS|TAMS 0x0000000090200000, 0x0000000090200000| Complete 
| 117|0x0000000092100000, 0x0000000092200000, 0x0000000092200000|100%| E|CS|TAMS 0x0000000092100000, 0x0000000092100000| Complete 

Card table byte_map: [0x000001e4d0340000,0x000001e4d06f0000] _byte_map_base: 0x000001e4cfeea000

Marking Bits (Prev, Next): (CMBitMap*) 0x000001e4c7667950, (CMBitMap*) 0x000001e4c7667910
 Prev Bits: [0x000001e4d27f0000, 0x000001e4d4540000)
 Next Bits: [0x000001e4d0aa0000, 0x000001e4d27f0000)

Polling page: 0x000001e4c76c0000

Metaspace:

Usage:
  Non-class:     53.51 MB used.
      Class:      8.55 MB used.
       Both:     62.05 MB used.

Virtual space:
  Non-class space:       56.00 MB reserved,      53.75 MB ( 96%) committed,  7 nodes.
      Class space:        1.00 GB reserved,       8.75 MB ( <1%) committed,  1 nodes.
             Both:        1.05 GB reserved,      62.50 MB (  6%) committed. 

Chunk freelists:
   Non-Class:  2.06 MB
       Class:  3.28 MB
        Both:  5.34 MB

MaxMetaspaceSize: unlimited
CompressedClassSpaceSize: 1.00 GB
Initial GC threshold: 21.00 MB
Current GC threshold: 98.44 MB
CDS: off
MetaspaceReclaimPolicy: balanced
 - commit_granule_bytes: 65536.
 - commit_granule_words: 8192.
 - virtual_space_node_default_size: 1048576.
 - enlarge_chunks_in_place: 1.
 - new_chunks_are_fully_committed: 0.
 - uncommit_free_chunks: 1.
 - use_allocation_guard: 0.
 - handle_deallocations: 1.


Internal statistics:

num_allocs_failed_limit: 9.
num_arena_births: 630.
num_arena_deaths: 0.
num_vsnodes_births: 8.
num_vsnodes_deaths: 0.
num_space_committed: 1000.
num_space_uncommitted: 0.
num_chunks_returned_to_freelist: 9.
num_chunks_taken_from_freelist: 2655.
num_chunk_merges: 6.
num_chunk_splits: 1824.
num_chunks_enlarged: 1352.
num_purges: 0.
num_inconsistent_stats: 0.

CodeCache: size=49152Kb used=10774Kb max_used=12452Kb free=38377Kb
 bounds [0x000001e4cc480000, 0x000001e4cd0b0000, 0x000001e4cf480000]
 total_blobs=6485 nmethods=5898 adapters=514
 compilation: enabled
              stopped_count=0, restarted_count=0
 full_count=0

Compilation events (20 events):
Event: 4.765 Thread 0x000001e4d7ca2f00 nmethod 5886 0x000001e4cd0a5e10 code [0x000001e4cd0a60e0, 0x000001e4cd0a6c18]
Event: 4.765 Thread 0x000001e4d855d020 nmethod 5887 0x000001e4cd0a7190 code [0x000001e4cd0a7340, 0x000001e4cd0a74f8]
Event: 4.765 Thread 0x000001e4d7ca2f00 5888       1       jdk.internal.math.FDBigInteger::mult (64 bytes)
Event: 4.765 Thread 0x000001e4d7d11330 5889       1       jdk.internal.math.FDBigInteger::<init> (30 bytes)
Event: 4.765 Thread 0x000001e4d7c379e0 5890       1       jdk.internal.math.FDBigInteger::trimLeadingZeros (57 bytes)
Event: 4.765 Thread 0x000001e4d855d020 5891       1       jdk.internal.math.FDBigInteger::makeImmutable (6 bytes)
Event: 4.765 Thread 0x000001e4d855d020 nmethod 5891 0x000001e4cd0a7910 code [0x000001e4cd0a7aa0, 0x000001e4cd0a7b78]
Event: 4.766 Thread 0x000001e4d7d11330 nmethod 5889 0x000001e4cd0a7c10 code [0x000001e4cd0a7da0, 0x000001e4cd0a7ee8]
Event: 4.766 Thread 0x000001e4d7ca2f00 nmethod 5888 0x000001e4cd0a7f90 code [0x000001e4cd0a8140, 0x000001e4cd0a82f8]
Event: 4.766 Thread 0x000001e4d7d11330 5892       1       jdk.internal.math.FDBigInteger::mult (44 bytes)
Event: 4.766 Thread 0x000001e4d7c379e0 nmethod 5890 0x000001e4cd0a8490 code [0x000001e4cd0a8620, 0x000001e4cd0a8778]
Event: 4.766 Thread 0x000001e4d7d11330 nmethod 5892 0x000001e4cd0a8890 code [0x000001e4cd0a8a40, 0x000001e4cd0a8cf8]
Event: 4.766 Thread 0x000001e4d855d020 5893       1       java.util.Calendar::complete (40 bytes)
Event: 4.766 Thread 0x000001e4d855d020 nmethod 5893 0x000001e4cd0a8e10 code [0x000001e4cd0a8fc0, 0x000001e4cd0a90f8]
Event: 5.316 Thread 0x000001e4d7c379e0 5894       1       java.io.ObjectInputStream$PeekInputStream::read (115 bytes)
Event: 5.316 Thread 0x000001e4d7c379e0 nmethod 5894 0x000001e4cc630610 code [0x000001e4cc6307e0, 0x000001e4cc630a38]
Event: 6.761 Thread 0x000001e4d7c379e0 5895       1       java.lang.invoke.VarHandleGuards::guard_LLL_Z (86 bytes)
Event: 6.763 Thread 0x000001e4d7c379e0 nmethod 5895 0x000001e4cc62ef90 code [0x000001e4cc62f220, 0x000001e4cc62fcc8]
Event: 7.761 Thread 0x000001e4d7c379e0 5897       1       java.lang.invoke.VarHandleReferences$FieldInstanceReadWrite::compareAndSet (48 bytes)
Event: 7.762 Thread 0x000001e4d7c379e0 nmethod 5897 0x000001e4cc62e590 code [0x000001e4cc62e7a0, 0x000001e4cc62ece8]

GC Heap History (20 events):
Event: 1.019 GC heap after
{Heap after GC invocations=5 (full 0):
 garbage-first heap   total 40960K, used 10080K [0x000000008ac00000, 0x0000000100000000)
  region size 1024K, 1 young (1024K), 1 survivors (1024K)
 Metaspace       used 26079K, committed 26368K, reserved 1073152K
  class space    used 3134K, committed 3264K, reserved 1048576K
}
Event: 1.142 GC heap before
{Heap before GC invocations=5 (full 0):
 garbage-first heap   total 40960K, used 27488K [0x000000008ac00000, 0x0000000100000000)
  region size 1024K, 18 young (18432K), 1 survivors (1024K)
 Metaspace       used 28899K, committed 29184K, reserved 1081344K
  class space    used 3523K, committed 3648K, reserved 1048576K
}
Event: 1.143 GC heap after
{Heap after GC invocations=6 (full 0):
 garbage-first heap   total 40960K, used 11342K [0x000000008ac00000, 0x0000000100000000)
  region size 1024K, 2 young (2048K), 2 survivors (2048K)
 Metaspace       used 28899K, committed 29184K, reserved 1081344K
  class space    used 3523K, committed 3648K, reserved 1048576K
}
Event: 1.260 GC heap before
{Heap before GC invocations=6 (full 0):
 garbage-first heap   total 40960K, used 27726K [0x000000008ac00000, 0x0000000100000000)
  region size 1024K, 19 young (19456K), 2 survivors (2048K)
 Metaspace       used 29502K, committed 29824K, reserved 1081344K
  class space    used 3620K, committed 3776K, reserved 1048576K
}
Event: 1.264 GC heap after
{Heap after GC invocations=7 (full 0):
 garbage-first heap   total 80896K, used 12711K [0x000000008ac00000, 0x0000000100000000)
  region size 1024K, 3 young (3072K), 3 survivors (3072K)
 Metaspace       used 29502K, committed 29824K, reserved 1081344K
  class space    used 3620K, committed 3776K, reserved 1048576K
}
Event: 1.779 GC heap before
{Heap before GC invocations=7 (full 0):
 garbage-first heap   total 80896K, used 53671K [0x000000008ac00000, 0x0000000100000000)
  region size 1024K, 43 young (44032K), 3 survivors (3072K)
 Metaspace       used 34038K, committed 34368K, reserved 1081344K
  class space    used 4304K, committed 4416K, reserved 1048576K
}
Event: 1.787 GC heap after
{Heap after GC invocations=8 (full 0):
 garbage-first heap   total 80896K, used 15872K [0x000000008ac00000, 0x0000000100000000)
  region size 1024K, 6 young (6144K), 6 survivors (6144K)
 Metaspace       used 34038K, committed 34368K, reserved 1081344K
  class space    used 4304K, committed 4416K, reserved 1048576K
}
Event: 1.950 GC heap before
{Heap before GC invocations=8 (full 0):
 garbage-first heap   total 80896K, used 27136K [0x000000008ac00000, 0x0000000100000000)
  region size 1024K, 18 young (18432K), 6 survivors (6144K)
 Metaspace       used 35642K, committed 35968K, reserved 1081344K
  class space    used 4536K, committed 4672K, reserved 1048576K
}
Event: 1.959 GC heap after
{Heap after GC invocations=9 (full 0):
 garbage-first heap   total 80896K, used 17222K [0x000000008ac00000, 0x0000000100000000)
  region size 1024K, 2 young (2048K), 2 survivors (2048K)
 Metaspace       used 35642K, committed 35968K, reserved 1081344K
  class space    used 4536K, committed 4672K, reserved 1048576K
}
Event: 2.628 GC heap before
{Heap before GC invocations=10 (full 0):
 garbage-first heap   total 65536K, used 54086K [0x000000008ac00000, 0x0000000100000000)
  region size 1024K, 40 young (40960K), 2 survivors (2048K)
 Metaspace       used 42840K, committed 43264K, reserved 1089536K
  class space    used 5602K, committed 5824K, reserved 1048576K
}
Event: 2.631 GC heap after
{Heap after GC invocations=11 (full 0):
 garbage-first heap   total 65536K, used 19798K [0x000000008ac00000, 0x0000000100000000)
  region size 1024K, 4 young (4096K), 4 survivors (4096K)
 Metaspace       used 42840K, committed 43264K, reserved 1089536K
  class space    used 5602K, committed 5824K, reserved 1048576K
}
Event: 2.656 GC heap before
{Heap before GC invocations=11 (full 0):
 garbage-first heap   total 65536K, used 20822K [0x000000008ac00000, 0x0000000100000000)
  region size 1024K, 5 young (5120K), 4 survivors (4096K)
 Metaspace       used 43179K, committed 43584K, reserved 1089536K
  class space    used 5682K, committed 5888K, reserved 1048576K
}
Event: 2.658 GC heap after
{Heap after GC invocations=12 (full 0):
 garbage-first heap   total 65536K, used 20444K [0x000000008ac00000, 0x0000000100000000)
  region size 1024K, 1 young (1024K), 1 survivors (1024K)
 Metaspace       used 43179K, committed 43584K, reserved 1089536K
  class space    used 5682K, committed 5888K, reserved 1048576K
}
Event: 3.291 GC heap before
{Heap before GC invocations=12 (full 0):
 garbage-first heap   total 65536K, used 47068K [0x000000008ac00000, 0x0000000100000000)
  region size 1024K, 28 young (28672K), 1 survivors (1024K)
 Metaspace       used 50009K, committed 50368K, reserved 1097728K
  class space    used 6632K, committed 6784K, reserved 1048576K
}
Event: 3.294 GC heap after
{Heap after GC invocations=13 (full 0):
 garbage-first heap   total 90112K, used 22234K [0x000000008ac00000, 0x0000000100000000)
  region size 1024K, 3 young (3072K), 3 survivors (3072K)
 Metaspace       used 50009K, committed 50368K, reserved 1097728K
  class space    used 6632K, committed 6784K, reserved 1048576K
}
Event: 4.084 GC heap before
{Heap before GC invocations=13 (full 0):
 garbage-first heap   total 90112K, used 67290K [0x000000008ac00000, 0x0000000100000000)
  region size 1024K, 47 young (48128K), 3 survivors (3072K)
 Metaspace       used 57096K, committed 57472K, reserved 1105920K
  class space    used 7750K, committed 7936K, reserved 1048576K
}
Event: 4.088 GC heap after
{Heap after GC invocations=14 (full 0):
 garbage-first heap   total 90112K, used 24880K [0x000000008ac00000, 0x0000000100000000)
  region size 1024K, 5 young (5120K), 5 survivors (5120K)
 Metaspace       used 57096K, committed 57472K, reserved 1105920K
  class space    used 7750K, committed 7936K, reserved 1048576K
}
Event: 4.347 GC heap before
{Heap before GC invocations=14 (full 0):
 garbage-first heap   total 90112K, used 47408K [0x000000008ac00000, 0x0000000100000000)
  region size 1024K, 28 young (28672K), 5 survivors (5120K)
 Metaspace       used 59887K, committed 60288K, reserved 1105920K
  class space    used 8167K, committed 8384K, reserved 1048576K
}
Event: 4.352 GC heap after
{Heap after GC invocations=15 (full 0):
 garbage-first heap   total 90112K, used 26958K [0x000000008ac00000, 0x0000000100000000)
  region size 1024K, 5 young (5120K), 5 survivors (5120K)
 Metaspace       used 59887K, committed 60288K, reserved 1105920K
  class space    used 8167K, committed 8384K, reserved 1048576K
}
Event: 19.531 GC heap before
{Heap before GC invocations=16 (full 0):
 garbage-first heap   total 90112K, used 68942K [0x000000008ac00000, 0x0000000100000000)
  region size 1024K, 47 young (48128K), 5 survivors (5120K)
 Metaspace       used 63543K, committed 64000K, reserved 1105920K
  class space    used 8752K, committed 8960K, reserved 1048576K
}

Dll operation events (9 events):
Event: 0.007 Loaded shared library C:\Users\hp\Downloads\sts-4.17.2.RELEASE\plugins\org.eclipse.justj.openjdk.hotspot.jre.full.win32.x86_64_17.0.6.v20230125-1136\jre\bin\java.dll
Event: 0.150 Loaded shared library C:\Users\hp\Downloads\sts-4.17.2.RELEASE\plugins\org.eclipse.justj.openjdk.hotspot.jre.full.win32.x86_64_17.0.6.v20230125-1136\jre\bin\jimage.dll
Event: 0.163 Loaded shared library C:\Users\hp\Downloads\sts-4.17.2.RELEASE\plugins\org.eclipse.justj.openjdk.hotspot.jre.full.win32.x86_64_17.0.6.v20230125-1136\jre\bin\net.dll
Event: 0.165 Loaded shared library C:\Users\hp\Downloads\sts-4.17.2.RELEASE\plugins\org.eclipse.justj.openjdk.hotspot.jre.full.win32.x86_64_17.0.6.v20230125-1136\jre\bin\nio.dll
Event: 0.169 Loaded shared library C:\Users\hp\Downloads\sts-4.17.2.RELEASE\plugins\org.eclipse.justj.openjdk.hotspot.jre.full.win32.x86_64_17.0.6.v20230125-1136\jre\bin\zip.dll
Event: 0.206 Loaded shared library C:\Users\hp\Downloads\sts-4.17.2.RELEASE\plugins\org.eclipse.justj.openjdk.hotspot.jre.full.win32.x86_64_17.0.6.v20230125-1136\jre\bin\management.dll
Event: 0.218 Loaded shared library C:\Users\hp\Downloads\sts-4.17.2.RELEASE\plugins\org.eclipse.justj.openjdk.hotspot.jre.full.win32.x86_64_17.0.6.v20230125-1136\jre\bin\management_ext.dll
Event: 0.470 Loaded shared library C:\Users\hp\Downloads\sts-4.17.2.RELEASE\plugins\org.eclipse.justj.openjdk.hotspot.jre.full.win32.x86_64_17.0.6.v20230125-1136\jre\bin\verify.dll
Event: 4.744 Loaded shared library C:\Users\hp\Downloads\sts-4.17.2.RELEASE\plugins\org.eclipse.justj.openjdk.hotspot.jre.full.win32.x86_64_17.0.6.v20230125-1136\jre\bin\sunmscapi.dll

Deoptimization events (12 events):
Event: 0.879 Thread 0x000001e4c760e930 DEOPT PACKING pc=0x000001e4cc9e6719 sp=0x00000036aa0fde50
Event: 0.879 Thread 0x000001e4c760e930 DEOPT UNPACKING pc=0x000001e4cc4d7143 sp=0x00000036aa0fd330 mode 3
Event: 1.399 Thread 0x000001e4c760e930 DEOPT PACKING pc=0x000001e4cca83224 sp=0x00000036aa0fd970
Event: 1.399 Thread 0x000001e4c760e930 DEOPT UNPACKING pc=0x000001e4cc4d7143 sp=0x00000036aa0fceb8 mode 0
Event: 3.038 Thread 0x000001e4da212070 DEOPT PACKING pc=0x000001e4cce39bd9 sp=0x00000036ad0fe1f0
Event: 3.038 Thread 0x000001e4da212070 DEOPT UNPACKING pc=0x000001e4cc4d7143 sp=0x00000036ad0fd7a0 mode 3
Event: 4.221 Thread 0x000001e4c760e930 DEOPT PACKING pc=0x000001e4ccd3d6c4 sp=0x00000036aa0fcd90
Event: 4.221 Thread 0x000001e4c760e930 DEOPT UNPACKING pc=0x000001e4cc4d7143 sp=0x00000036aa0fc228 mode 3
Event: 4.467 Thread 0x000001e4c760e930 DEOPT PACKING pc=0x000001e4cc9c6a52 sp=0x00000036aa0f8190
Event: 4.467 Thread 0x000001e4c760e930 DEOPT UNPACKING pc=0x000001e4cc4d7143 sp=0x00000036aa0f7698 mode 3
Event: 4.556 Thread 0x000001e4c760e930 DEOPT PACKING pc=0x000001e4ccbc976c sp=0x00000036aa0fecd0
Event: 4.556 Thread 0x000001e4c760e930 DEOPT UNPACKING pc=0x000001e4cc4d7143 sp=0x00000036aa0fe398 mode 0

Classes unloaded (0 events):
No events

Classes redefined (0 events):
No events

Internal exceptions (20 events):
Event: 4.245 Thread 0x000001e4c760e930 Exception <a 'java/lang/reflect/InvocationTargetException'{0x000000008f8d9dd8}> (0x000000008f8d9dd8) 
thrown [s\src\hotspot\share\runtime\reflection.cpp, line 1121]
Event: 4.247 Thread 0x000001e4c760e930 Exception <a 'java/lang/reflect/InvocationTargetException'{0x000000008f8e9330}> (0x000000008f8e9330) 
thrown [s\src\hotspot\share\runtime\reflection.cpp, line 1121]
Event: 4.247 Thread 0x000001e4c760e930 Exception <a 'java/lang/reflect/InvocationTargetException'{0x000000008f8f4828}> (0x000000008f8f4828) 
thrown [s\src\hotspot\share\runtime\reflection.cpp, line 1121]
Event: 4.252 Thread 0x000001e4c760e930 Exception <a 'java/lang/reflect/InvocationTargetException'{0x000000008f71d8c8}> (0x000000008f71d8c8) 
thrown [s\src\hotspot\share\runtime\reflection.cpp, line 1121]
Event: 4.259 Thread 0x000001e4c760e930 Exception <a 'java/lang/reflect/InvocationTargetException'{0x000000008f7f4b98}> (0x000000008f7f4b98) 
thrown [s\src\hotspot\share\runtime\reflection.cpp, line 1121]
Event: 4.272 Thread 0x000001e4c760e930 Exception <a 'java/lang/reflect/InvocationTargetException'{0x000000008f584a60}> (0x000000008f584a60) 
thrown [s\src\hotspot\share\runtime\reflection.cpp, line 1121]
Event: 4.273 Thread 0x000001e4c760e930 Exception <a 'java/lang/reflect/InvocationTargetException'{0x000000008f592cb0}> (0x000000008f592cb0) 
thrown [s\src\hotspot\share\runtime\reflection.cpp, line 1121]
Event: 4.274 Thread 0x000001e4c760e930 Exception <a 'java/lang/reflect/InvocationTargetException'{0x000000008f59e5b8}> (0x000000008f59e5b8) 
thrown [s\src\hotspot\share\runtime\reflection.cpp, line 1121]
Event: 4.316 Thread 0x000001e4c760e930 Exception <a 'java/lang/ClassNotFoundException'{0x000000008f085b10}: java/lang/ObjectCustomizer> (0x000000008f085b10) 
thrown [s\src\hotspot\share\classfile\systemDictionary.cpp, line 256]
Event: 4.316 Thread 0x000001e4c760e930 Exception <a 'java/lang/ClassNotFoundException'{0x000000008f08c9d0}: org/springframework/security/config/annotation/web/configuration/WebSecurityConfigurationCustomizer> (0x000000008f08c9d0) 
thrown [s\src\hotspot\share\classfile\systemDictionary.cpp, line 256]
Event: 4.317 Thread 0x000001e4c760e930 Exception <a 'java/lang/ClassNotFoundException'{0x000000008f098e38}: org/springframework/security/config/annotation/web/configuration/WebSecurityConfiguration$$EnhancerBySpringCGLIB$$557ee57dCustomizer> (0x000000008f098e38) 
thrown [s\src\hotspot\share\classfile\systemDictionary.cpp, line 256]
Event: 4.317 Thread 0x000001e4c760e930 Exception <a 'java/lang/ClassNotFoundException'{0x000000008f0a6938}: org/springframework/context/annotation/ConfigurationClassEnhancer$EnhancedConfigurationCustomizer> (0x000000008f0a6938) 
thrown [s\src\hotspot\share\classfile\systemDictionary.cpp, line 256]
Event: 4.317 Thread 0x000001e4c760e930 Exception <a 'java/lang/ClassNotFoundException'{0x000000008f0a9ed0}: org/springframework/beans/factory/BeanFactoryAwareCustomizer> (0x000000008f0a9ed0) 
thrown [s\src\hotspot\share\classfile\systemDictionary.cpp, line 256]
Event: 4.317 Thread 0x000001e4c760e930 Exception <a 'java/lang/ClassNotFoundException'{0x000000008f0ae790}: org/springframework/beans/factory/AwareCustomizer> (0x000000008f0ae790) 
thrown [s\src\hotspot\share\classfile\systemDictionary.cpp, line 256]
Event: 4.318 Thread 0x000001e4c760e930 Exception <a 'java/lang/ClassNotFoundException'{0x000000008f0b1c80}: org/springframework/context/annotation/ImportAwareCustomizer> (0x000000008f0b1c80) 
thrown [s\src\hotspot\share\classfile\systemDictionary.cpp, line 256]
Event: 4.318 Thread 0x000001e4c760e930 Exception <a 'java/lang/ClassNotFoundException'{0x000000008f0b5ec0}: org/springframework/beans/factory/AwareCustomizer> (0x000000008f0b5ec0) 
thrown [s\src\hotspot\share\classfile\systemDictionary.cpp, line 256]
Event: 4.318 Thread 0x000001e4c760e930 Exception <a 'java/lang/ClassNotFoundException'{0x000000008f0b9418}: org/springframework/beans/factory/BeanClassLoaderAwareCustomizer> (0x000000008f0b9418) 
thrown [s\src\hotspot\share\classfile\systemDictionary.cpp, line 256]
Event: 4.318 Thread 0x000001e4c760e930 Exception <a 'java/lang/ClassNotFoundException'{0x000000008f0bd638}: org/springframework/beans/factory/AwareCustomizer> (0x000000008f0bd638) 
thrown [s\src\hotspot\share\classfile\systemDictionary.cpp, line 256]
Event: 4.434 Thread 0x000001e4c760e930 Exception <a 'java/lang/NoSuchMethodError'{0x000000008fdcc960}: 'java.lang.Object java.lang.invoke.DirectMethodHandle$Holder.invokeInterface(java.lang.Object, java.lang.Object, java.lang.Object, java.lang.Object)'> (0x000000008fdcc960) 
thrown [s\src\hotspot\share\interpreter\linkResolver.cpp, line 759]
Event: 4.528 Thread 0x000001e4c760e930 Exception <a 'java/lang/NoSuchMethodError'{0x000000008f14fc78}: 'void java.lang.invoke.DirectMethodHandle$Holder.invokeVirtual(java.lang.Object, java.lang.Object, int)'> (0x000000008f14fc78) 
thrown [s\src\hotspot\share\interpreter\linkResolver.cpp, line 759]

VM Operations (20 events):
Event: 4.218 Executing VM operation: HandshakeAllThreads done
Event: 4.220 Executing VM operation: HandshakeAllThreads
Event: 4.220 Executing VM operation: HandshakeAllThreads done
Event: 4.347 Executing VM operation: CollectForMetadataAllocation
Event: 4.352 Executing VM operation: CollectForMetadataAllocation done
Event: 4.363 Executing VM operation: G1Concurrent
Event: 4.365 Executing VM operation: G1Concurrent done
Event: 4.369 Executing VM operation: G1Concurrent
Event: 4.370 Executing VM operation: G1Concurrent done
Event: 4.541 Executing VM operation: HandshakeAllThreads
Event: 4.541 Executing VM operation: HandshakeAllThreads done
Event: 4.581 Executing VM operation: HandshakeAllThreads
Event: 4.581 Executing VM operation: HandshakeAllThreads done
Event: 4.581 Executing VM operation: HandshakeAllThreads
Event: 4.581 Executing VM operation: HandshakeAllThreads done
Event: 5.593 Executing VM operation: Cleanup
Event: 5.593 Executing VM operation: Cleanup done
Event: 19.522 Executing VM operation: HandshakeAllThreads
Event: 19.522 Executing VM operation: HandshakeAllThreads done
Event: 19.531 Executing VM operation: G1CollectForAllocation

Events (20 events):
Event: 5.316 Thread 0x000001e4d7ca2f00 Thread exited: 0x000001e4d7ca2f00
Event: 5.316 Thread 0x000001e4d855d020 Thread exited: 0x000001e4d855d020
Event: 5.316 Thread 0x000001e4d7d11330 Thread exited: 0x000001e4d7d11330
Event: 8.287 Thread 0x000001e4da212070 Thread exited: 0x000001e4da212070
Event: 19.521 loading class sun/nio/ch/SocketAdaptor
Event: 19.522 loading class sun/nio/ch/SocketAdaptor done
Event: 19.523 loading class sun/nio/ch/SocketChannelImpl$DefaultOptionsHolder
Event: 19.523 loading class sun/nio/ch/SocketChannelImpl$DefaultOptionsHolder done
Event: 19.526 loading class java/util/concurrent/LinkedBlockingDeque
Event: 19.526 loading class java/util/concurrent/BlockingDeque
Event: 19.526 loading class java/util/concurrent/BlockingDeque done
Event: 19.526 loading class java/util/concurrent/LinkedBlockingDeque done
Event: 19.527 loading class sun/nio/ch/SelectionKeyImpl
Event: 19.528 loading class java/nio/channels/spi/AbstractSelectionKey
Event: 19.528 loading class java/nio/channels/SelectionKey
Event: 19.528 loading class java/nio/channels/SelectionKey done
Event: 19.528 loading class java/nio/channels/spi/AbstractSelectionKey done
Event: 19.528 loading class sun/nio/ch/SelectionKeyImpl done
Event: 19.528 loading class java/lang/invoke/ConstantBootstraps
Event: 19.528 loading class java/lang/invoke/ConstantBootstraps done


Dynamic libraries:
0x00007ff7d8ff0000 - 0x00007ff7d8ffe000 	C:\Users\hp\Downloads\sts-4.17.2.RELEASE\plugins\org.eclipse.justj.openjdk.hotspot.jre.full.win32.x86_64_17.0.6.v20230125-1136\jre\bin\javaw.exe
0x00007ffdf2d70000 - 0x00007ffdf2f84000 	C:\WINDOWS\SYSTEM32\ntdll.dll
0x00007ffdf22c0000 - 0x00007ffdf2384000 	C:\WINDOWS\System32\KERNEL32.DLL
0x00007ffdf0330000 - 0x00007ffdf06d4000 	C:\WINDOWS\System32\KERNELBASE.dll
0x00007ffdf0760000 - 0x00007ffdf0871000 	C:\WINDOWS\System32\ucrtbase.dll
0x00007ffdce0b0000 - 0x00007ffdce0c7000 	C:\Users\hp\Downloads\sts-4.17.2.RELEASE\plugins\org.eclipse.justj.openjdk.hotspot.jre.full.win32.x86_64_17.0.6.v20230125-1136\jre\bin\jli.dll
0x00007ffdd4260000 - 0x00007ffdd4279000 	C:\Users\hp\Downloads\sts-4.17.2.RELEASE\plugins\org.eclipse.justj.openjdk.hotspot.jre.full.win32.x86_64_17.0.6.v20230125-1136\jre\bin\VCRUNTIME140.dll
0x00007ffdf0c50000 - 0x00007ffdf0dfa000 	C:\WINDOWS\System32\USER32.dll
0x00007ffdf08f0000 - 0x00007ffdf0916000 	C:\WINDOWS\System32\win32u.dll
0x00007ffdef3c0000 - 0x00007ffdef64f000 	C:\WINDOWS\WinSxS\amd64_microsoft.windows.common-controls_6595b64144ccf1df_6.0.22621.2070_none_2713e6537381f706\COMCTL32.dll
0x00007ffdf19d0000 - 0x00007ffdf19f9000 	C:\WINDOWS\System32\GDI32.dll
0x00007ffdf0e00000 - 0x00007ffdf0ea7000 	C:\WINDOWS\System32\msvcrt.dll
0x00007ffdf0210000 - 0x00007ffdf0329000 	C:\WINDOWS\System32\gdi32full.dll
0x00007ffdf0a90000 - 0x00007ffdf0b2a000 	C:\WINDOWS\System32\msvcp_win.dll
0x00007ffdf23b0000 - 0x00007ffdf23e1000 	C:\WINDOWS\System32\IMM32.DLL
0x00007ffde4b30000 - 0x00007ffde4b3c000 	C:\Users\hp\Downloads\sts-4.17.2.RELEASE\plugins\org.eclipse.justj.openjdk.hotspot.jre.full.win32.x86_64_17.0.6.v20230125-1136\jre\bin\vcruntime140_1.dll
0x00007ffdbd0e0000 - 0x00007ffdbd171000 	C:\Users\hp\Downloads\sts-4.17.2.RELEASE\plugins\org.eclipse.justj.openjdk.hotspot.jre.full.win32.x86_64_17.0.6.v20230125-1136\jre\bin\msvcp140.dll
0x00007ffd7cea0000 - 0x00007ffd7dae7000 	C:\Users\hp\Downloads\sts-4.17.2.RELEASE\plugins\org.eclipse.justj.openjdk.hotspot.jre.full.win32.x86_64_17.0.6.v20230125-1136\jre\bin\server\jvm.dll
0x00007ffdf26a0000 - 0x00007ffdf2750000 	C:\WINDOWS\System32\ADVAPI32.dll
0x00007ffdf2810000 - 0x00007ffdf28b6000 	C:\WINDOWS\System32\sechost.dll
0x00007ffdf0b30000 - 0x00007ffdf0c47000 	C:\WINDOWS\System32\RPCRT4.dll
0x00007ffdd2000000 - 0x00007ffdd2009000 	C:\WINDOWS\SYSTEM32\WSOCK32.dll
0x00007ffde6e50000 - 0x00007ffde6e84000 	C:\WINDOWS\SYSTEM32\WINMM.dll
0x00007ffdee550000 - 0x00007ffdee55a000 	C:\WINDOWS\SYSTEM32\VERSION.dll
0x00007ffdf2600000 - 0x00007ffdf2671000 	C:\WINDOWS\System32\WS2_32.dll
0x00007ffdee2f0000 - 0x00007ffdee308000 	C:\WINDOWS\SYSTEM32\kernel.appcore.dll
0x00007ffdeecb0000 - 0x00007ffdeecba000 	C:\Users\hp\Downloads\sts-4.17.2.RELEASE\plugins\org.eclipse.justj.openjdk.hotspot.jre.full.win32.x86_64_17.0.6.v20230125-1136\jre\bin\jimage.dll
0x00007ffdefa80000 - 0x00007ffdefcae000 	C:\WINDOWS\SYSTEM32\DBGHELP.DLL
0x00007ffdf2920000 - 0x00007ffdf2caa000 	C:\WINDOWS\System32\combase.dll
0x00007ffdf18f0000 - 0x00007ffdf19c7000 	C:\WINDOWS\System32\OLEAUT32.dll
0x00007ffdef940000 - 0x00007ffdef972000 	C:\WINDOWS\SYSTEM32\dbgcore.DLL
0x00007ffdf06e0000 - 0x00007ffdf075a000 	C:\WINDOWS\System32\bcryptPrimitives.dll
0x00007ffdeec60000 - 0x00007ffdeec85000 	C:\Users\hp\Downloads\sts-4.17.2.RELEASE\plugins\org.eclipse.justj.openjdk.hotspot.jre.full.win32.x86_64_17.0.6.v20230125-1136\jre\bin\java.dll
0x00007ffde49b0000 - 0x00007ffde49c8000 	C:\Users\hp\Downloads\sts-4.17.2.RELEASE\plugins\org.eclipse.justj.openjdk.hotspot.jre.full.win32.x86_64_17.0.6.v20230125-1136\jre\bin\zip.dll
0x00007ffdf0eb0000 - 0x00007ffdf16c6000 	C:\WINDOWS\System32\SHELL32.dll
0x00007ffded210000 - 0x00007ffdedafa000 	C:\WINDOWS\SYSTEM32\windows.storage.dll
0x00007ffded0d0000 - 0x00007ffded20e000 	C:\WINDOWS\SYSTEM32\wintypes.dll
0x00007ffdf2090000 - 0x00007ffdf2183000 	C:\WINDOWS\System32\SHCORE.dll
0x00007ffdf2cb0000 - 0x00007ffdf2d0e000 	C:\WINDOWS\System32\shlwapi.dll
0x00007ffdf0080000 - 0x00007ffdf00a6000 	C:\WINDOWS\SYSTEM32\profapi.dll
0x00007ffdde4e0000 - 0x00007ffdde4f9000 	C:\Users\hp\Downloads\sts-4.17.2.RELEASE\plugins\org.eclipse.justj.openjdk.hotspot.jre.full.win32.x86_64_17.0.6.v20230125-1136\jre\bin\net.dll
0x00007ffde9780000 - 0x00007ffde98b7000 	C:\WINDOWS\SYSTEM32\WINHTTP.dll
0x00007ffdee750000 - 0x00007ffdee7b9000 	C:\WINDOWS\system32\mswsock.dll
0x00007ffdddeb0000 - 0x00007ffdddec5000 	C:\Users\hp\Downloads\sts-4.17.2.RELEASE\plugins\org.eclipse.justj.openjdk.hotspot.jre.full.win32.x86_64_17.0.6.v20230125-1136\jre\bin\nio.dll
0x00007ffdde4d0000 - 0x00007ffdde4d9000 	C:\Users\hp\Downloads\sts-4.17.2.RELEASE\plugins\org.eclipse.justj.openjdk.hotspot.jre.full.win32.x86_64_17.0.6.v20230125-1136\jre\bin\management.dll
0x00007ffdde4a0000 - 0x00007ffdde4ab000 	C:\Users\hp\Downloads\sts-4.17.2.RELEASE\plugins\org.eclipse.justj.openjdk.hotspot.jre.full.win32.x86_64_17.0.6.v20230125-1136\jre\bin\management_ext.dll
0x00007ffdf2690000 - 0x00007ffdf2698000 	C:\WINDOWS\System32\PSAPI.DLL
0x00007ffdd6490000 - 0x00007ffdd64a7000 	C:\WINDOWS\system32\napinsp.dll
0x00007ffdbac40000 - 0x00007ffdbac5b000 	C:\WINDOWS\system32\pnrpnsp.dll
0x00007ffdedd90000 - 0x00007ffdede83000 	C:\WINDOWS\SYSTEM32\DNSAPI.dll
0x00007ffdedd60000 - 0x00007ffdedd8d000 	C:\WINDOWS\SYSTEM32\IPHLPAPI.DLL
0x00007ffdf2580000 - 0x00007ffdf2589000 	C:\WINDOWS\System32\NSI.dll
0x00007ffdbac20000 - 0x00007ffdbac31000 	C:\WINDOWS\System32\winrnr.dll
0x00007ffdd4b20000 - 0x00007ffdd4b35000 	C:\WINDOWS\system32\wshbth.dll
0x00007ffd8cbd0000 - 0x00007ffd8cbf1000 	C:\WINDOWS\system32\nlansp_c.dll
0x00007ffde77b0000 - 0x00007ffde77ba000 	C:\Windows\System32\rasadhlp.dll
0x00007ffde7900000 - 0x00007ffde7984000 	C:\WINDOWS\System32\fwpuclnt.dll
0x00007ffdefdf0000 - 0x00007ffdefe0b000 	C:\WINDOWS\SYSTEM32\CRYPTSP.dll
0x00007ffdee260000 - 0x00007ffdee295000 	C:\WINDOWS\system32\rsaenh.dll
0x00007ffdef050000 - 0x00007ffdef07c000 	C:\WINDOWS\SYSTEM32\USERENV.dll
0x00007ffdefa50000 - 0x00007ffdefa78000 	C:\WINDOWS\SYSTEM32\bcrypt.dll
0x00007ffdef1e0000 - 0x00007ffdef1ec000 	C:\WINDOWS\SYSTEM32\CRYPTBASE.dll
0x00007ffde8b60000 - 0x00007ffde8b79000 	C:\WINDOWS\SYSTEM32\dhcpcsvc6.DLL
0x00007ffde8b40000 - 0x00007ffde8b5f000 	C:\WINDOWS\SYSTEM32\dhcpcsvc.DLL
0x00007ffdeeca0000 - 0x00007ffdeecb0000 	C:\Users\hp\Downloads\sts-4.17.2.RELEASE\plugins\org.eclipse.justj.openjdk.hotspot.jre.full.win32.x86_64_17.0.6.v20230125-1136\jre\bin\verify.dll
0x00007ffdeebe0000 - 0x00007ffdeebee000 	C:\Users\hp\Downloads\sts-4.17.2.RELEASE\plugins\org.eclipse.justj.openjdk.hotspot.jre.full.win32.x86_64_17.0.6.v20230125-1136\jre\bin\sunmscapi.dll
0x00007ffdf0920000 - 0x00007ffdf0a87000 	C:\WINDOWS\System32\CRYPT32.dll
0x00007ffdef390000 - 0x00007ffdef3be000 	C:\WINDOWS\SYSTEM32\ncrypt.dll
0x00007ffdef350000 - 0x00007ffdef387000 	C:\WINDOWS\SYSTEM32\NTASN1.dll
0x00007ffdeec40000 - 0x00007ffdeec48000 	C:\WINDOWS\system32\wshunix.dll

dbghelp: loaded successfully - version: 4.0.5 - missing functions: none
symbol engine: initialized successfully - sym options: 0x614 - pdb path: .;C:\Users\hp\Downloads\sts-4.17.2.RELEASE\plugins\org.eclipse.justj.openjdk.hotspot.jre.full.win32.x86_64_17.0.6.v20230125-1136\jre\bin;C:\WINDOWS\SYSTEM32;C:\WINDOWS\WinSxS\amd64_microsoft.windows.common-controls_6595b64144ccf1df_6.0.22621.2070_none_2713e6537381f706;C:\Users\hp\Downloads\sts-4.17.2.RELEASE\plugins\org.eclipse.justj.openjdk.hotspot.jre.full.win32.x86_64_17.0.6.v20230125-1136\jre\bin\server

VM Arguments:
jvm_args: -Dcom.sun.management.jmxremote -Dcom.sun.management.jmxremote.port=55630 -Dcom.sun.management.jmxremote.authenticate=false -Dcom.sun.management.jmxremote.ssl=false -Djava.rmi.server.hostname=localhost -Dspring.jmx.enabled=true -Dmanagement.endpoints.jmx.exposure.include=* -Dspring.application.admin.enabled=true -XX:TieredStopAtLevel=1 -Dspring.boot.project.name=SiwCatalogoProdotti -Dfile.encoding=UTF-8 -XX:+ShowCodeDetailsInExceptionMessages 
java_command: it.uniroma3.siw.SiwCatalogoProdotti --spring.output.ansi.enabled=always
java_class_path (initial): C:\Users\hp\Documents\workspace-spring-tool-suite-4-4.17.2.RELEASE\SiwCatalogoProdotti\target\classes;C:\Users\hp\.m2\repository\org\springframework\boot\spring-boot-starter-data-jpa\2.1.4.RELEASE\spring-boot-starter-data-jpa-2.1.4.RELEASE.jar;C:\Users\hp\.m2\repository\org\springframework\boot\spring-boot-starter-aop\2.1.4.RELEASE\spring-boot-starter-aop-2.1.4.RELEASE.jar;C:\Users\hp\.m2\repository\org\aspectj\aspectjweaver\1.9.2\aspectjweaver-1.9.2.jar;C:\Users\hp\.m2\repository\org\springframework\boot\spring-boot-starter-jdbc\2.1.4.RELEASE\spring-boot-starter-jdbc-2.1.4.RELEASE.jar;C:\Users\hp\.m2\repository\com\zaxxer\HikariCP\3.2.0\HikariCP-3.2.0.jar;C:\Users\hp\.m2\repository\org\springframework\spring-jdbc\5.1.6.RELEASE\spring-jdbc-5.1.6.RELEASE.jar;C:\Users\hp\.m2\repository\javax\transaction\javax.transaction-api\1.3\javax.transaction-api-1.3.jar;C:\Users\hp\.m2\repository\javax\xml\bind\jaxb-api\2.3.1\jaxb-api-2.3.1.jar;C:\Users\hp\.m2\repository\javax\activation\javax.activation-api\1.2.0\javax.activation-api-1.2.0.jar;C:\Users\hp\.m2\repository\org\hibernate\hibernate-core\5.3.9.Final\hibernate-core-5.3.9.Final.jar;C:\Users\hp\.m2\repository\org\jboss\logging\jboss-logging\3.3.2.Final\jboss-logging-3.3.2.Final.jar;C:\Users\hp\.m2\repository\javax\persistence\javax.persistence-api\2.2\javax.persistence-api-2.2.jar;C:\Users\hp\.m2\repository\org\javassist\javassist\3.23.1-GA\javassist-3.23.1-GA.jar;C:\Users\hp\.m2\repository\net\bytebuddy\byte-buddy\1.9.12\byte-buddy-1.9.12.jar;C:\Users\hp\.m2\repository\antlr\antlr\2.7.7\antlr-2.7.7.jar;C:\Users\hp\.m2\repository\org\jboss\jandex\2.0.5.Final\jandex-2.0.5.Final.jar;C:\Users\hp\.m2\repository\com\fasterxml\classmate\1.4.0\classmate-1.4.0.jar;C:\Users\hp\.m2\repository\org\dom4j\dom4j\2.1.1\dom4j-2.1.1.jar;C:\Users\hp\.m2\repository\org\hibernate\common\hibernate-commons-annotations\5.0.4.Final\hibernate-commons-annotations-5.0.4.Final.jar;C:\Users\hp\.m2\repository\org\springfr
Launcher Type: SUN_STANDARD

[Global flags]
     intx CICompilerCount                          = 4                                         {product} {ergonomic}
     uint ConcGCThreads                            = 3                                         {product} {ergonomic}
     uint G1ConcRefinementThreads                  = 10                                        {product} {ergonomic}
   size_t G1HeapRegionSize                         = 1048576                                   {product} {ergonomic}
    uintx GCDrainStackTargetSize                   = 64                                        {product} {ergonomic}
   size_t InitialHeapSize                          = 123731968                                 {product} {ergonomic}
     bool ManagementServer                         = true                                      {product} {command line}
   size_t MarkStackSize                            = 4194304                                   {product} {ergonomic}
   size_t MaxHeapSize                              = 1967128576                                {product} {ergonomic}
   size_t MaxNewSize                               = 1179648000                                {product} {ergonomic}
   size_t MinHeapDeltaBytes                        = 1048576                                   {product} {ergonomic}
   size_t MinHeapSize                              = 8388608                                   {product} {ergonomic}
    uintx NonProfiledCodeHeapSize                  = 0                                      {pd product} {ergonomic}
     bool ProfileInterpreter                       = false                                  {pd product} {command line}
    uintx ProfiledCodeHeapSize                     = 0                                      {pd product} {ergonomic}
     bool ShowCodeDetailsInExceptionMessages       = true                                   {manageable} {command line}
   size_t SoftMaxHeapSize                          = 1967128576                             {manageable} {ergonomic}
     intx TieredStopAtLevel                        = 1                                         {product} {command line}
     bool UseCompressedClassPointers               = true                           {product lp64_product} {ergonomic}
     bool UseCompressedOops                        = true                           {product lp64_product} {ergonomic}
     bool UseG1GC                                  = true                                      {product} {ergonomic}
     bool UseLargePagesIndividualAllocation        = false                                  {pd product} {ergonomic}

Logging:
Log output configuration:
 #0: stdout all=warning uptime,level,tags
 #1: stderr all=off uptime,level,tags

Environment Variables:
PATH=C:/Users/hp/Downloads/sts-4.17.2.RELEASE//plugins/org.eclipse.justj.openjdk.hotspot.jre.full.win32.x86_64_17.0.6.v20230125-1136/jre/bin/server;C:/Users/hp/Downloads/sts-4.17.2.RELEASE//plugins/org.eclipse.justj.openjdk.hotspot.jre.full.win32.x86_64_17.0.6.v20230125-1136/jre/bin;C:\Program Files (x86)\VMware\VMware Player\bin\;C:\Program Files\Common Files\Oracle\Java\javapath;C:\WINDOWS\system32;C:\WINDOWS;C:\WINDOWS\System32\Wbem;C:\WINDOWS\System32\WindowsPowerShell\v1.0\;C:\WINDOWS\System32\OpenSSH\;C:\Program Files\MATLAB\R2022a\runtime\win64;C:\Program Files\MATLAB\R2022a\bin;C:\Program Files\Java\jdk-11.0.13\bin;C:\Program Files\Git\cmd;C:\Program Files\dotnet\;C:\Users\hp\AppData\Local\Microsoft\WindowsApps;;C:\Users\hp\AppData\Local\Programs\Microsoft VS Code\bin;C:\Users\hp\.dotnet\tools;C:\Users\hp\Downloads\sts-4.17.2.RELEASE;
USERNAME=hp
OS=Windows_NT
PROCESSOR_IDENTIFIER=AMD64 Family 23 Model 104 Stepping 1, AuthenticAMD
TMP=C:\Users\hp\AppData\Local\Temp
TEMP=C:\Users\hp\AppData\Local\Temp



---------------  S Y S T E M  ---------------

OS:
 Windows 11 , 64 bit Build 22621 (10.0.22621.2070)
OS uptime: 7 days 0:27 hours

CPU: total 12 (initial active 12) (12 cores per cpu, 2 threads per core) family 23 model 104 stepping 1 microcode 0x0, cx8, cmov, fxsr, ht, mmx, 3dnowpref, sse, sse2, sse3, ssse3, sse4a, sse4.1, sse4.2, popcnt, lzcnt, tsc, tscinvbit, avx, avx2, aes, clmul, bmi1, bmi2, adx, sha, fma, vzeroupper, clflush, clflushopt

Memory: 4k page, system-wide physical 7502M (614M free)
TotalPageFile size 14809M (AvailPageFile size 2424M)
current process WorkingSet (physical memory assigned to process): 226M, peak: 230M
current process commit charge ("private bytes"): 263M, peak: 266M

vm_info: OpenJDK 64-Bit Server VM (17.0.6+10) for windows-amd64 JRE (17.0.6+10), built on Jan 18 2023 10:08:59 by "temurin" with MS VC++ 16.7 (VS2019)

END.
